<?xml version="1.0" encoding="UTF-8"?>
<!-- Generated by org.testng.reporters.JUnitXMLReporter -->
<testsuite ignored="0" hostname="DESKTOP-CTNIRRU" failures="1" tests="25" name="Test" time="47.657" errors="0" timestamp="2024-05-04T08:28:56 IST">
  <testcase classname="com.OrangeHRMTests.LeavePage2" name="@BeforeMethod bMethod" time="10.031">
    <failure type="org.openqa.selenium.NoSuchElementException" message="Unable to locate element: //span[text()=&amp;apos;Leave&amp;apos;]
For documentation on this error, please visit: https://www.selenium.dev/documentation/webdriver/troubleshooting/errors#no-such-element-exception
Build info: version: &amp;apos;4.20.0&amp;apos;, revision: &amp;apos;866c76ca80&amp;apos;
System info: os.name: &amp;apos;Windows 11&amp;apos;, os.arch: &amp;apos;amd64&amp;apos;, os.version: &amp;apos;10.0&amp;apos;, java.version: &amp;apos;17.0.9&amp;apos;
Driver info: org.openqa.selenium.firefox.FirefoxDriver
Command: [6072f31d-a114-4406-a5a2-8cdb915a6af7, findElement {using=xpath, value=//span[text()=&amp;apos;Leave&amp;apos;]}]
Capabilities {acceptInsecureCerts: true, browserName: firefox, browserVersion: 125.0.3, moz:accessibilityChecks: false, moz:buildID: 20240425211020, moz:debuggerAddress: 127.0.0.1:32626, moz:geckodriverVersion: 0.34.0, moz:headless: false, moz:platformVersion: 10.0, moz:processID: 32104, moz:profile: C:\Users\darad\AppData\Loca..., moz:shutdownTimeout: 60000, moz:webdriverClick: true, moz:windowless: false, pageLoadStrategy: normal, platformName: windows, proxy: Proxy(), se:cdp: ws://127.0.0.1:32626/devtoo..., se:cdpVersion: 85.0, setWindowRect: true, strictFileInteractability: false, timeouts: {implicit: 0, pageLoad: 300000, script: 30000}, unhandledPromptBehavior: dismiss and notify, userAgent: Mozilla/5.0 (Windows NT 10....}
Session ID: 6072f31d-a114-4406-a5a2-8cdb915a6af7">
      <![CDATA[org.openqa.selenium.NoSuchElementException: Unable to locate element: //span[text()='Leave']
For documentation on this error, please visit: https://www.selenium.dev/documentation/webdriver/troubleshooting/errors#no-such-element-exception
Build info: version: '4.20.0', revision: '866c76ca80'
System info: os.name: 'Windows 11', os.arch: 'amd64', os.version: '10.0', java.version: '17.0.9'
Driver info: org.openqa.selenium.firefox.FirefoxDriver
Command: [6072f31d-a114-4406-a5a2-8cdb915a6af7, findElement {using=xpath, value=//span[text()='Leave']}]
Capabilities {acceptInsecureCerts: true, browserName: firefox, browserVersion: 125.0.3, moz:accessibilityChecks: false, moz:buildID: 20240425211020, moz:debuggerAddress: 127.0.0.1:32626, moz:geckodriverVersion: 0.34.0, moz:headless: false, moz:platformVersion: 10.0, moz:processID: 32104, moz:profile: C:\Users\darad\AppData\Loca..., moz:shutdownTimeout: 60000, moz:webdriverClick: true, moz:windowless: false, pageLoadStrategy: normal, platformName: windows, proxy: Proxy(), se:cdp: ws://127.0.0.1:32626/devtoo..., se:cdpVersion: 85.0, setWindowRect: true, strictFileInteractability: false, timeouts: {implicit: 0, pageLoad: 300000, script: 30000}, unhandledPromptBehavior: dismiss and notify, userAgent: Mozilla/5.0 (Windows NT 10....}
Session ID: 6072f31d-a114-4406-a5a2-8cdb915a6af7
at org.openqa.selenium.remote.ErrorCodec.decode(ErrorCodec.java:167)
at org.openqa.selenium.remote.codec.w3c.W3CHttpResponseCodec.decode(W3CHttpResponseCodec.java:138)
at org.openqa.selenium.remote.codec.w3c.W3CHttpResponseCodec.decode(W3CHttpResponseCodec.java:50)
at org.openqa.selenium.remote.HttpCommandExecutor.execute(HttpCommandExecutor.java:190)
at org.openqa.selenium.remote.service.DriverCommandExecutor.invokeExecute(DriverCommandExecutor.java:216)
at org.openqa.selenium.remote.service.DriverCommandExecutor.execute(DriverCommandExecutor.java:174)
at org.openqa.selenium.remote.RemoteWebDriver.execute(RemoteWebDriver.java:518)
at org.openqa.selenium.remote.ElementLocation$ElementFinder$2.findElement(ElementLocation.java:165)
at org.openqa.selenium.remote.ElementLocation.findElement(ElementLocation.java:59)
at org.openqa.selenium.remote.RemoteWebDriver.findElement(RemoteWebDriver.java:355)
at org.openqa.selenium.remote.RemoteWebDriver.findElement(RemoteWebDriver.java:349)
at com.OrangeHRMTests.LeavePage2.bMethod(LeavePage2.java:61)
at java.base/java.util.concurrent.Executors$RunnableAdapter.call(Executors.java:539)
at java.base/java.util.concurrent.FutureTask.run(FutureTask.java:264)
at java.base/java.util.concurrent.ThreadPoolExecutor.runWorker(ThreadPoolExecutor.java:1136)
at java.base/java.util.concurrent.ThreadPoolExecutor$Worker.run(ThreadPoolExecutor.java:635)
at java.base/java.lang.Thread.run(Thread.java:842)
... Removed 22 stack frames]]>
    </failure>
  </testcase> <!-- @BeforeMethod bMethod -->
  <testcase classname="com.OrangeHRMTests.LeavePage2" name="@AfterMethod afterMethod" time="0.0">
    <skipped/>
  </testcase> <!-- @AfterMethod afterMethod -->
  <testcase classname="com.OrangeHRMTests.LeavePage2" name="@BeforeMethod bMethod" time="0.0">
    <skipped/>
  </testcase> <!-- @BeforeMethod bMethod -->
  <testcase classname="com.OrangeHRMTests.LeavePage2" name="@AfterMethod afterMethod" time="0.0">
    <skipped/>
  </testcase> <!-- @AfterMethod afterMethod -->
  <testcase classname="com.OrangeHRMTests.LeavePage2" name="@BeforeMethod bMethod" time="0.0">
    <skipped/>
  </testcase> <!-- @BeforeMethod bMethod -->
  <testcase classname="com.OrangeHRMTests.LeavePage2" name="@AfterMethod afterMethod" time="0.0">
    <skipped/>
  </testcase> <!-- @AfterMethod afterMethod -->
  <testcase classname="com.OrangeHRMTests.LeavePage2" name="@BeforeMethod bMethod" time="0.0">
    <skipped/>
  </testcase> <!-- @BeforeMethod bMethod -->
  <testcase classname="com.OrangeHRMTests.LeavePage2" name="@AfterMethod afterMethod" time="0.0">
    <skipped/>
  </testcase> <!-- @AfterMethod afterMethod -->
  <testcase classname="basic.TestNGScript" name="hellloTest2" time="0.012"/>
  <testcase classname="basic.TestNGScript" name="hellloTest" time="0.005"/>
  <testcase classname="basic.TestNGScript" name="hellloTest1" time="0.003"/>
  <testcase classname="basic.TestNGScript" name="hellloTest1" time="0.002"/>
  <testcase classname="basic.TestNGScript" name="hellloTest1" time="0.003"/>
  <testcase classname="com.OrangeHRMTests.LeavePage" name="AssignLeave" time="0.667"/>
  <testcase classname="com.OrangeHRMTests.DashBoardQuickLaunch2" name="AssignLeave" time="1.383"/>
  <testcase classname="com.OrangeHRMTests.DashBoardQuickLaunch" name="AssignLeave" time="1.369"/>
  <testcase classname="com.OrangeHRMTests.LeavePage" name="applyLeave" time="0.817"/>
  <testcase classname="com.OrangeHRMTests.DashBoardQuickLaunch2" name="applyLeave" time="1.681"/>
  <testcase classname="com.OrangeHRMTests.LeavePage" name="leaveList" time="0.552"/>
  <testcase classname="com.OrangeHRMTests.DashBoardQuickLaunch2" name="leaveList" time="1.792"/>
  <testcase classname="com.OrangeHRMTests.LeavePage" name="timeSheet" time="0.939"/>
  <testcase classname="com.OrangeHRMTests.LeavePage2" name="AssignLeave" time="0.0">
    <skipped/>
  </testcase> <!-- AssignLeave -->
  <testcase classname="com.OrangeHRMTests.LeavePage2" name="applyLeave" time="0.0">
    <skipped/>
  </testcase> <!-- applyLeave -->
  <testcase classname="com.OrangeHRMTests.LeavePage2" name="leaveList" time="0.001">
    <skipped/>
  </testcase> <!-- leaveList -->
  <testcase classname="com.OrangeHRMTests.LeavePage2" name="timeSheet" time="0.0">
    <skipped/>
  </testcase> <!-- timeSheet -->
  <testcase classname="com.OrangeHRMTests.DashBoardQuickLaunch2" name="myLeave" time="1.962"/>
  <testcase classname="com.OrangeHRMTests.DashBoardQuickLaunch2" name="myTimeSheet" time="1.651"/>
  <testcase classname="com.OrangeHRMTests.DashBoardQuickLaunch" name="applyLeave" time="10.016">
    <failure type="org.openqa.selenium.NoSuchElementException" message="Unable to locate element: //button[@title=&amp;apos;Apply Leave&amp;apos;]
For documentation on this error, please visit: https://www.selenium.dev/documentation/webdriver/troubleshooting/errors#no-such-element-exception
Build info: version: &amp;apos;4.20.0&amp;apos;, revision: &amp;apos;866c76ca80&amp;apos;
System info: os.name: &amp;apos;Windows 11&amp;apos;, os.arch: &amp;apos;amd64&amp;apos;, os.version: &amp;apos;10.0&amp;apos;, java.version: &amp;apos;17.0.9&amp;apos;
Driver info: org.openqa.selenium.firefox.FirefoxDriver
Command: [4bdcbf1d-2714-4c14-856b-edcc8ed975e4, findElement {using=xpath, value=//button[@title=&amp;apos;Apply Leave&amp;apos;]}]
Capabilities {acceptInsecureCerts: true, browserName: firefox, browserVersion: 125.0.3, moz:accessibilityChecks: false, moz:buildID: 20240425211020, moz:debuggerAddress: 127.0.0.1:23359, moz:geckodriverVersion: 0.34.0, moz:headless: false, moz:platformVersion: 10.0, moz:processID: 19932, moz:profile: C:\Users\darad\AppData\Loca..., moz:shutdownTimeout: 60000, moz:webdriverClick: true, moz:windowless: false, pageLoadStrategy: normal, platformName: windows, proxy: Proxy(), se:cdp: ws://127.0.0.1:23359/devtoo..., se:cdpVersion: 85.0, setWindowRect: true, strictFileInteractability: false, timeouts: {implicit: 0, pageLoad: 300000, script: 30000}, unhandledPromptBehavior: dismiss and notify, userAgent: Mozilla/5.0 (Windows NT 10....}
Session ID: 4bdcbf1d-2714-4c14-856b-edcc8ed975e4">
      <![CDATA[org.openqa.selenium.NoSuchElementException: Unable to locate element: //button[@title='Apply Leave']
For documentation on this error, please visit: https://www.selenium.dev/documentation/webdriver/troubleshooting/errors#no-such-element-exception
Build info: version: '4.20.0', revision: '866c76ca80'
System info: os.name: 'Windows 11', os.arch: 'amd64', os.version: '10.0', java.version: '17.0.9'
Driver info: org.openqa.selenium.firefox.FirefoxDriver
Command: [4bdcbf1d-2714-4c14-856b-edcc8ed975e4, findElement {using=xpath, value=//button[@title='Apply Leave']}]
Capabilities {acceptInsecureCerts: true, browserName: firefox, browserVersion: 125.0.3, moz:accessibilityChecks: false, moz:buildID: 20240425211020, moz:debuggerAddress: 127.0.0.1:23359, moz:geckodriverVersion: 0.34.0, moz:headless: false, moz:platformVersion: 10.0, moz:processID: 19932, moz:profile: C:\Users\darad\AppData\Loca..., moz:shutdownTimeout: 60000, moz:webdriverClick: true, moz:windowless: false, pageLoadStrategy: normal, platformName: windows, proxy: Proxy(), se:cdp: ws://127.0.0.1:23359/devtoo..., se:cdpVersion: 85.0, setWindowRect: true, strictFileInteractability: false, timeouts: {implicit: 0, pageLoad: 300000, script: 30000}, unhandledPromptBehavior: dismiss and notify, userAgent: Mozilla/5.0 (Windows NT 10....}
Session ID: 4bdcbf1d-2714-4c14-856b-edcc8ed975e4
at org.openqa.selenium.remote.ErrorCodec.decode(ErrorCodec.java:167)
at org.openqa.selenium.remote.codec.w3c.W3CHttpResponseCodec.decode(W3CHttpResponseCodec.java:138)
at org.openqa.selenium.remote.codec.w3c.W3CHttpResponseCodec.decode(W3CHttpResponseCodec.java:50)
at org.openqa.selenium.remote.HttpCommandExecutor.execute(HttpCommandExecutor.java:190)
at org.openqa.selenium.remote.service.DriverCommandExecutor.invokeExecute(DriverCommandExecutor.java:216)
at org.openqa.selenium.remote.service.DriverCommandExecutor.execute(DriverCommandExecutor.java:174)
at org.openqa.selenium.remote.RemoteWebDriver.execute(RemoteWebDriver.java:518)
at org.openqa.selenium.remote.ElementLocation$ElementFinder$2.findElement(ElementLocation.java:165)
at org.openqa.selenium.remote.ElementLocation.findElement(ElementLocation.java:59)
at org.openqa.selenium.remote.RemoteWebDriver.findElement(RemoteWebDriver.java:355)
at org.openqa.selenium.remote.RemoteWebDriver.findElement(RemoteWebDriver.java:349)
at com.OrangeHRMTests.DashBoardQuickLaunch.applyLeave(DashBoardQuickLaunch.java:89)
at java.base/java.util.concurrent.Executors$RunnableAdapter.call(Executors.java:539)
at java.base/java.util.concurrent.FutureTask.run(FutureTask.java:264)
at java.base/java.util.concurrent.ThreadPoolExecutor.runWorker(ThreadPoolExecutor.java:1136)
at java.base/java.util.concurrent.ThreadPoolExecutor$Worker.run(ThreadPoolExecutor.java:635)
at java.base/java.lang.Thread.run(Thread.java:842)
... Removed 18 stack frames]]>
    </failure>
  </testcase> <!-- applyLeave -->
  <testcase classname="com.OrangeHRMTests.DashBoardQuickLaunch" name="leaveList" time="1.671"/>
  <testcase classname="com.OrangeHRMTests.DashBoardQuickLaunch2" name="timeSheet" time="1.922"/>
  <testcase classname="com.OrangeHRMTests.DashBoardQuickLaunch" name="myLeave" time="1.972"/>
  <testcase classname="com.OrangeHRMTests.DashBoardQuickLaunch" name="myTimeSheet" time="1.613"/>
  <testcase classname="com.OrangeHRMTests.DashBoardQuickLaunch" name="timeSheet" time="2.522"/>
</testsuite> <!-- Test -->
